<?xml version="1.0" encoding="utf-8"?><testsuites name="pytest tests"><testsuite name="pytest" errors="0" failures="0" skipped="0" tests="7" time="3.576" timestamp="2026-05-20T08:33:07.858659+00:00" hostname="agent-env-15c9db9d-2e76-4769-aa42-7855f0b51e2c"><testcase classname="test_reports.pytest.test_api_endpoints.TestEntryCountAPI" name="test_entry_count_returns_real_count" time="0.224" /><testcase classname="test_reports.pytest.test_api_endpoints.TestEntryCountAPI" name="test_entry_count_formatted_matches_count" time="0.057" /><testcase classname="test_reports.pytest.test_api_endpoints.TestCatalogDataAPI" name="test_catalog_data_returns_all_entries" time="0.903" /><testcase classname="test_reports.pytest.test_api_endpoints.TestCatalogDataAPI" name="test_catalog_data_entry_structure" time="0.592" /><testcase classname="test_reports.pytest.test_api_endpoints.TestVisualizerDataAPI" name="test_visualizer_data_returns_all_entries" time="0.303" /><testcase classname="test_reports.pytest.test_api_endpoints.TestVisualizerDataAPI" name="test_visualizer_data_entry_structure" time="0.224" /><testcase classname="test_reports.pytest.test_api_endpoints.TestCountConsistency" name="test_all_counts_match" time="1.040" /></testsuite></testsuites>